==============================================================================
Rahul1                                                                        
==============================================================================
Rahul1.Tests                                                                  
==============================================================================
Rahul1.Tests.Param                                                            
==============================================================================
Invalid Username                                                      | PASS |
------------------------------------------------------------------------------
Invalid Password                                                      | PASS |
------------------------------------------------------------------------------
Special Charecters                                                    | PASS |
------------------------------------------------------------------------------
Rahul1.Tests.Param                                                    | PASS |
3 tests, 3 passed, 0 failed
==============================================================================
Rahul1.Tests                                                          | PASS |
3 tests, 3 passed, 0 failed
==============================================================================
Rahul1                                                                | PASS |
3 tests, 3 passed, 0 failed
==============================================================================
Output:  C:\development\robot-scripts\Rahul1\pabot_results\0\output.xml
