==============================================================================
Rahul1                                                                        
==============================================================================
Rahul1.Tests                                                                  
==============================================================================
Rahul1.Tests.Test2 :: This is some basic info about the suite                 
==============================================================================
Verify the cards are displayed                                        | PASS |
------------------------------------------------------------------------------
Select The Form and Navigate to Child Window                          | PASS |
------------------------------------------------------------------------------
Rahul1.Tests.Test2 :: This is some basic info about the suite         | PASS |
2 tests, 2 passed, 0 failed
==============================================================================
Rahul1.Tests                                                          | PASS |
2 tests, 2 passed, 0 failed
==============================================================================
Rahul1                                                                | PASS |
2 tests, 2 passed, 0 failed
==============================================================================
Output:  C:\development\robot-scripts\Rahul1\pabot_results\3\output.xml
